 Error message on -  November 21, 2021, 5:38 pm Africa/Lagos +0100   <br /> Error message on -  November 21, 2021, 5:39 pm Africa/Lagos +0100   <br /> 
 Error message on -  November 21, 2021, 5:40 pm Africa/Lagos +0100   <br /> 
 Error message on -  November 21, 2021, 5:40 pm Africa/Lagos +0100   <br /> 
 Error message on -  November 21, 2021, 5:41 pm Africa/Lagos +0100    
 Error message on -  November 21, 2021, 5:41 pm Africa/Lagos +0100    
 Error message on -  November 21, 2021, 5:49 pm Africa/Lagos +0100    
 Error message on -  November 22, 2021, 10:06 am Africa/Lagos +0100    
 Error message on -  November 22, 2021, 10:09 am Africa/Lagos +0100    
 Error message on -  December 10, 2021, 8:36 am Africa/Lagos +0100    
 Error message on -  December 10, 2021, 8:39 am Africa/Lagos +0100    
 Error message on -  December 10, 2021, 8:42 am Africa/Lagos +0100    
 Error message on -  December 10, 2021, 8:42 am Africa/Lagos +0100    
 Error message on -  December 10, 2021, 8:42 am Africa/Lagos +0100    
 Error message on -  December 10, 2021, 8:42 am Africa/Lagos +0100    
 Error message on -  December 10, 2021, 8:44 am Africa/Lagos +0100    
 Error message on -  December 10, 2021, 8:44 am Africa/Lagos +0100    
 Error message on -  December 10, 2021, 8:45 am Africa/Lagos +0100    
 Error message on -  December 10, 2021, 8:48 am Africa/Lagos +0100    
 Error message on -  December 10, 2021, 8:48 am Africa/Lagos +0100    
 Error message on -  December 10, 2021, 8:49 am Africa/Lagos +0100    
 Error message on -  December 10, 2021, 8:50 am Africa/Lagos +0100    
 Error message on -  December 10, 2021, 8:52 am Africa/Lagos +0100    
 Error message on -  December 10, 2021, 8:54 am Africa/Lagos +0100    
 Error message on -  December 10, 2021, 8:55 am Africa/Lagos +0100    
 Error message on -  December 10, 2021, 8:56 am Africa/Lagos +0100    
 Error message on -  December 11, 2021, 11:27 am Africa/Lagos +0100    
